Using pre-set license

 COMMAND LINE ARGUMENTS:
/Applications/Unity/Hub/Editor/2020.3.2f1/Unity.app/Contents/MacOS/Unity
-adb2
-batchMode
-noUpm
-name
AssetImportWorker0
-projectPath
/Users/vrm6007/Desktop/Unity2D/Space Shooter Game/Space Shooter
-logFile
Logs/AssetImportWorker0.log
-srvPort
62253
Successfully changed project path to: /Users/vrm6007/Desktop/Unity2D/Space Shooter Game/Space Shooter
/Users/vrm6007/Desktop/Unity2D/Space Shooter Game/Space Shooter
Using Asset Import Pipeline V2.
Refreshing native plugins compatible for Editor in 68.89 ms, found 2 plugins.
Preloading 0 native plugins for Editor in 0.00 ms.
Initialize engine version: 2020.3.2f1 (8fd9074bf66c)
[Subsystems] Discovering subsystems at path /Applications/Unity/Hub/Editor/2020.3.2f1/Unity.app/Contents/Resources/UnitySubsystems
[Subsystems] Discovering subsystems at path /Users/vrm6007/Desktop/Unity2D/Space Shooter Game/Space Shooter/Assets
GfxDevice: creating device client; threaded=0
2021-04-26 13:36:47.799 Unity[53149:3646089] Color LCD preferred device: Intel(R) Iris(TM) Plus Graphics 640 (low power)
2021-04-26 13:36:47.800 Unity[53149:3646089] Metal devices available: 1
2021-04-26 13:36:47.800 Unity[53149:3646089] 0: Intel(R) Iris(TM) Plus Graphics 640 (low power)
2021-04-26 13:36:47.803 Unity[53149:3646089] Using device Intel(R) Iris(TM) Plus Graphics 640 (low power)
Initializing Metal device caps: Intel(R) Iris(TM) Plus Graphics 640
Initialize mono
Mono path[0] = '/Applications/Unity/Hub/Editor/2020.3.2f1/Unity.app/Contents/Managed'
Mono path[1] = '/Applications/Unity/Hub/Editor/2020.3.2f1/Unity.app/Contents/MonoBleedingEdge/lib/mono/unityjit'
Mono config path = '/Applications/Unity/Hub/Editor/2020.3.2f1/Unity.app/Contents/MonoBleedingEdge/etc'
Using monoOptions --debugger-agent=transport=dt_socket,embedding=1,server=y,suspend=n,address=127.0.0.1:56149
Begin MonoManager ReloadAssembly
Registering precompiled unity dll's ...
Register platform support module: /Applications/Unity/Hub/Editor/2020.3.2f1/PlaybackEngines/WebGLSupport/UnityEditor.WebGL.Extensions.dll
Register platform support module: /Applications/Unity/Hub/Editor/2020.3.2f1/Unity.app/Contents/PlaybackEngines/MacStandaloneSupport/UnityEditor.OSXStandalone.Extensions.dll
Registered in 0.002390 seconds.
Native extension for OSXStandalone target not found
Native extension for WebGL target not found
Refreshing native plugins compatible for Editor in 59.27 ms, found 2 plugins.
Preloading 0 native plugins for Editor in 0.00 ms.
Invoked RoslynAnalysisRunner static constructor.
RoslynAnalysisRunner will not be running.
RoslynAnalysisRunner has terminated.
Mono: successfully reloaded assembly
- Completed reload, in  8.851 seconds
Platform modules already initialized, skipping
Registering precompiled user dll's ...
Registered in 0.001231 seconds.
Begin MonoManager ReloadAssembly
Native extension for OSXStandalone target not found
Native extension for WebGL target not found
Refreshing native plugins compatible for Editor in 61.66 ms, found 2 plugins.
Preloading 0 native plugins for Editor in 0.00 ms.
Invoked RoslynAnalysisRunner static constructor.
RoslynAnalysisRunner will not be running.
RoslynAnalysisRunner has terminated.
Mono: successfully reloaded assembly
- Completed reload, in  1.453 seconds
Platform modules already initialized, skipping
========================================================================
Worker process is ready to serve import requests
Launching external process: /Applications/Unity/Hub/Editor/2020.3.2f1/Unity.app/Contents/Tools/UnityShaderCompiler
Launched and connected shader compiler UnityShaderCompiler after 0.06 seconds
Refreshing native plugins compatible for Editor in 0.77 ms, found 2 plugins.
Preloading 0 native plugins for Editor in 0.00 ms.
Unloading 1820 Unused Serialized files (Serialized files now loaded: 0)
System memory in use before: 150.0 MB.
System memory in use after: 150.1 MB.

Unloading 19 unused Assets to reduce memory usage. Loaded Objects now: 2271.
Total: 3.439354 ms (FindLiveObjects: 0.347873 ms CreateObjectMapping: 0.113159 ms MarkObjects: 2.887501 ms  DeleteObjects: 0.089243 ms)

========================================================================
Received Import Request.
  path: Assets/Scripts/HealthDisplay.cs
  artifactKey: Guid(96d71fe196ab1475eabb45a156861321) Importer(815301076,1909f56bfc062723c751e8b465ee728b)
Start importing Assets/Scripts/HealthDisplay.cs using Guid(96d71fe196ab1475eabb45a156861321) Importer(815301076,1909f56bfc062723c751e8b465ee728b)  -> (artifact id: '7e9824e6839c6f80a79c1ae19a093d8d') in 4.380330 seconds
  Import took 4.386945 seconds .

========================================================================
Received Import Request.
  Time since last request: 0.000251 seconds.
  path: Assets/Scripts/EnemySpawner.cs
  artifactKey: Guid(5631a6d5ba0f54baebf61c0ad49fa42c) Importer(815301076,1909f56bfc062723c751e8b465ee728b)
Start importing Assets/Scripts/EnemySpawner.cs using Guid(5631a6d5ba0f54baebf61c0ad49fa42c) Importer(815301076,1909f56bfc062723c751e8b465ee728b)  -> (artifact id: 'a3cc3b34d053b202728b5441e326158e') in 0.002253 seconds
  Import took 0.005182 seconds .

========================================================================
Received Import Request.
  Time since last request: 0.000178 seconds.
  path: Assets/Scripts/EnemyDam.cs
  artifactKey: Guid(6bc77add3749b491fa0661785d26e6b3) Importer(815301076,1909f56bfc062723c751e8b465ee728b)
Start importing Assets/Scripts/EnemyDam.cs using Guid(6bc77add3749b491fa0661785d26e6b3) Importer(815301076,1909f56bfc062723c751e8b465ee728b)  -> (artifact id: 'd4158a6ee7671c1583aeef5da833e84d') in 0.001678 seconds
  Import took 0.005239 seconds .

========================================================================
Received Import Request.
  Time since last request: 0.000205 seconds.
  path: Assets/Scripts/EnemyPathing.cs
  artifactKey: Guid(ee618af1a988a429791a051a94a30bd0) Importer(815301076,1909f56bfc062723c751e8b465ee728b)
Start importing Assets/Scripts/EnemyPathing.cs using Guid(ee618af1a988a429791a051a94a30bd0) Importer(815301076,1909f56bfc062723c751e8b465ee728b)  -> (artifact id: 'eb84dd6d0f3e87791031ca3eec2c6e73') in 0.001923 seconds
  Import took 0.007271 seconds .

========================================================================
Received Import Request.
  Time since last request: 30.035265 seconds.
  path: Assets/Prefabs/Background.prefab
  artifactKey: Guid(7479ee90f53ce4efba63173f5e486679) Importer(815301076,1909f56bfc062723c751e8b465ee728b)
Start importing Assets/Prefabs/Background.prefab using Guid(7479ee90f53ce4efba63173f5e486679) Importer(815301076,1909f56bfc062723c751e8b465ee728b)  -> (artifact id: '7f261e51a748c6c6d867c3d579bc6987') in 1.445929 seconds
  Import took 1.450251 seconds .

========================================================================
Received Import Request.
  Time since last request: 0.000251 seconds.
  path: Assets/Prefabs/Enemy2.prefab
  artifactKey: Guid(fd7b37a14059e4fd5a81200ac78ba8da) Importer(815301076,1909f56bfc062723c751e8b465ee728b)
Start importing Assets/Prefabs/Enemy2.prefab using Guid(fd7b37a14059e4fd5a81200ac78ba8da) Importer(815301076,1909f56bfc062723c751e8b465ee728b)  -> (artifact id: '6d587eae72b19dea55a0bc2e701cba2a') in 0.079777 seconds
  Import took 0.084168 seconds .

========================================================================
Received Import Request.
  Time since last request: 0.000259 seconds.
  path: Assets/Prefabs/Enemy4.prefab
  artifactKey: Guid(22b9da5a1930f4834b3c2d6265b0fe59) Importer(815301076,1909f56bfc062723c751e8b465ee728b)
Start importing Assets/Prefabs/Enemy4.prefab using Guid(22b9da5a1930f4834b3c2d6265b0fe59) Importer(815301076,1909f56bfc062723c751e8b465ee728b)  -> (artifact id: 'e50c02904056611e9a488b9bf9dcfcad') in 0.020198 seconds
  Import took 0.034554 seconds .

========================================================================
Received Import Request.
  Time since last request: 0.000039 seconds.
  path: Assets/Prefabs/Start Menu Canvas.prefab
  artifactKey: Guid(e3e7b2838eb3541f7b09c9495c874f0b) Importer(815301076,1909f56bfc062723c751e8b465ee728b)
Start importing Assets/Prefabs/Start Menu Canvas.prefab using Guid(e3e7b2838eb3541f7b09c9495c874f0b) Importer(815301076,1909f56bfc062723c751e8b465ee728b)  -> (artifact id: '0447dc6dd565590bbc878da5704de265') in 0.162412 seconds
  Import took 0.168926 seconds .

========================================================================
Received Import Request.
  Time since last request: 0.000237 seconds.
  path: Assets/Prefabs/EnemyLaser.prefab
  artifactKey: Guid(3e1bd29cdce99477ea2f4b4a4139db34) Importer(815301076,1909f56bfc062723c751e8b465ee728b)
Start importing Assets/Prefabs/EnemyLaser.prefab using Guid(3e1bd29cdce99477ea2f4b4a4139db34) Importer(815301076,1909f56bfc062723c751e8b465ee728b)  -> (artifact id: 'cb79c6afbcf2b7c55b3febc0ce5430ba') in 0.011377 seconds
  Import took 0.015328 seconds .

========================================================================
Received Import Request.
  Time since last request: 0.000268 seconds.
  path: Assets/Prefabs/Star Field Far .prefab
  artifactKey: Guid(df3747b5c191644cd8be459fb1fc43ce) Importer(815301076,1909f56bfc062723c751e8b465ee728b)
Start importing Assets/Prefabs/Star Field Far .prefab using Guid(df3747b5c191644cd8be459fb1fc43ce) Importer(815301076,1909f56bfc062723c751e8b465ee728b)  -> (artifact id: '2eec1467b27b809d1518c37c2d73e0fb') in 0.016596 seconds
  Import took 0.021259 seconds .

========================================================================
Received Import Request.
  Time since last request: 0.000545 seconds.
  path: Assets/Prefabs/Game Canvas.prefab
  artifactKey: Guid(3d1595557d4a344a5968fe0a6cb40889) Importer(815301076,1909f56bfc062723c751e8b465ee728b)
Start importing Assets/Prefabs/Game Canvas.prefab using Guid(3d1595557d4a344a5968fe0a6cb40889) Importer(815301076,1909f56bfc062723c751e8b465ee728b)  -> (artifact id: 'd63211977d93f482e1279d0c6b2f5d80') in 0.019184 seconds
  Import took 0.024649 seconds .

========================================================================
Received Import Request.
  Time since last request: 0.000730 seconds.
  path: Assets/Prefabs/EventSystem.prefab
  artifactKey: Guid(971457746a89a4789b6e01182ddc153c) Importer(815301076,1909f56bfc062723c751e8b465ee728b)
Start importing Assets/Prefabs/EventSystem.prefab using Guid(971457746a89a4789b6e01182ddc153c) Importer(815301076,1909f56bfc062723c751e8b465ee728b)  -> (artifact id: '062b62125aee1d52e4f9f565038bdf22') in 0.008336 seconds
  Import took 0.012583 seconds .

========================================================================
Received Import Request.
  Time since last request: 0.000231 seconds.
  path: Assets/Prefabs/Player.prefab
  artifactKey: Guid(01819f623600a4172bfe150860443e57) Importer(815301076,1909f56bfc062723c751e8b465ee728b)
Start importing Assets/Prefabs/Player.prefab using Guid(01819f623600a4172bfe150860443e57) Importer(815301076,1909f56bfc062723c751e8b465ee728b)  -> (artifact id: 'ff8b70d3e831aeb2d75b721f181b85b0') in 0.025539 seconds
  Import took 0.030239 seconds .

========================================================================
Received Import Request.
  Time since last request: 0.000251 seconds.
  path: Assets/Prefabs/EndGame Canvas.prefab
  artifactKey: Guid(68365a16f20ba4f9c8e0a678befa80b0) Importer(815301076,1909f56bfc062723c751e8b465ee728b)
Start importing Assets/Prefabs/EndGame Canvas.prefab using Guid(68365a16f20ba4f9c8e0a678befa80b0) Importer(815301076,1909f56bfc062723c751e8b465ee728b)  -> (artifact id: 'f3d1be3a6cc3809518c037ecff5be647') in 0.006495 seconds
  Import took 0.011552 seconds .

========================================================================
Received Import Request.
  Time since last request: 0.000216 seconds.
  path: Assets/Prefabs/EnemySpawner.prefab
  artifactKey: Guid(69c710139e95248808478c9a62e2d5b5) Importer(815301076,1909f56bfc062723c751e8b465ee728b)
Start importing Assets/Prefabs/EnemySpawner.prefab using Guid(69c710139e95248808478c9a62e2d5b5) Importer(815301076,1909f56bfc062723c751e8b465ee728b)  -> (artifact id: '8430d48cb56ee07e768eb7132c794307') in 0.061699 seconds
  Import took 0.066380 seconds .

========================================================================
Received Import Request.
  Time since last request: 0.002535 seconds.
  path: Assets/Prefabs/GameSession.prefab
  artifactKey: Guid(79ad23b9020a84e38ab9a1eec6f8eb45) Importer(815301076,1909f56bfc062723c751e8b465ee728b)
Start importing Assets/Prefabs/GameSession.prefab using Guid(79ad23b9020a84e38ab9a1eec6f8eb45) Importer(815301076,1909f56bfc062723c751e8b465ee728b)  -> (artifact id: 'febbf09256092ea15c59f4d0e6e0b4cb') in 0.016619 seconds
  Import took 0.027063 seconds .

========================================================================
Received Import Request.
  Time since last request: 0.000247 seconds.
  path: Assets/Prefabs/EnemyLaser 1.prefab
  artifactKey: Guid(c10e559e6bb7c444794a9d46f94f8691) Importer(815301076,1909f56bfc062723c751e8b465ee728b)
Start importing Assets/Prefabs/EnemyLaser 1.prefab using Guid(c10e559e6bb7c444794a9d46f94f8691) Importer(815301076,1909f56bfc062723c751e8b465ee728b)  -> (artifact id: '2e90f15fdcdde8879eb776da19928494') in 0.038658 seconds
  Import took 0.043508 seconds .

========================================================================
Received Import Request.
  Time since last request: 0.000263 seconds.
  path: Assets/Prefabs/Game Camera.prefab
  artifactKey: Guid(a3e01fea7db464151973250eb10331af) Importer(815301076,1909f56bfc062723c751e8b465ee728b)
Start importing Assets/Prefabs/Game Camera.prefab using Guid(a3e01fea7db464151973250eb10331af) Importer(815301076,1909f56bfc062723c751e8b465ee728b)  -> (artifact id: '7d5e63fc2acb8d1c63630eced054dc80') in 0.014874 seconds
  Import took 0.019399 seconds .

========================================================================
Received Import Request.
  Time since last request: 0.000267 seconds.
  path: Assets/Prefabs/Shredder.prefab
  artifactKey: Guid(6fb9f2bd916024d368e2f8bb23fd6a13) Importer(815301076,1909f56bfc062723c751e8b465ee728b)
Start importing Assets/Prefabs/Shredder.prefab using Guid(6fb9f2bd916024d368e2f8bb23fd6a13) Importer(815301076,1909f56bfc062723c751e8b465ee728b)  -> (artifact id: '94d2320cf79538fa235bb0a09191de5f') in 0.008333 seconds
  Import took 0.012513 seconds .

========================================================================
Received Import Request.
  Time since last request: 0.000305 seconds.
  path: Assets/Prefabs/Enemy.prefab
  artifactKey: Guid(3e813662aef484c0bb7ac41d5e218dae) Importer(815301076,1909f56bfc062723c751e8b465ee728b)
Start importing Assets/Prefabs/Enemy.prefab using Guid(3e813662aef484c0bb7ac41d5e218dae) Importer(815301076,1909f56bfc062723c751e8b465ee728b)  -> (artifact id: 'b674482833fe90ff02c2764f775de3a8') in 0.028703 seconds
  Import took 0.033292 seconds .

========================================================================
Received Import Request.
  Time since last request: 0.000325 seconds.
  path: Assets/Prefabs/PlayerLaser.prefab
  artifactKey: Guid(78ae92421ec644db0aa7e2691ccf68b1) Importer(815301076,1909f56bfc062723c751e8b465ee728b)
Start importing Assets/Prefabs/PlayerLaser.prefab using Guid(78ae92421ec644db0aa7e2691ccf68b1) Importer(815301076,1909f56bfc062723c751e8b465ee728b)  -> (artifact id: 'e7cd13b6ee1500095953847d91c7a3e9') in 0.027345 seconds
  Import took 0.031442 seconds .

========================================================================
Received Import Request.
  Time since last request: 0.000210 seconds.
  path: Assets/Prefabs/BigEnemy.prefab
  artifactKey: Guid(ba1fffa9c361a46879473434c8127c80) Importer(815301076,1909f56bfc062723c751e8b465ee728b)
Start importing Assets/Prefabs/BigEnemy.prefab using Guid(ba1fffa9c361a46879473434c8127c80) Importer(815301076,1909f56bfc062723c751e8b465ee728b)  -> (artifact id: '1f6d0f214bac9c57a6b81366a6c835bd') in 0.030488 seconds
  Import took 0.034462 seconds .

========================================================================
Received Import Request.
  Time since last request: 0.000247 seconds.
  path: Assets/Prefabs/Level.prefab
  artifactKey: Guid(8f225303044f6410fbb9234f7b04a7c7) Importer(815301076,1909f56bfc062723c751e8b465ee728b)
Start importing Assets/Prefabs/Level.prefab using Guid(8f225303044f6410fbb9234f7b04a7c7) Importer(815301076,1909f56bfc062723c751e8b465ee728b)  -> (artifact id: 'c7c060810ba3444d6ff598d73feeb9b8') in 0.013007 seconds
  Import took 0.018403 seconds .

========================================================================
Received Import Request.
  Time since last request: 13.349179 seconds.
  path: Assets/Scripts/DamageDealer.cs
  artifactKey: Guid(360d104207d644d42b7946776b883cae) Importer(815301076,1909f56bfc062723c751e8b465ee728b)
Start importing Assets/Scripts/DamageDealer.cs using Guid(360d104207d644d42b7946776b883cae) Importer(815301076,1909f56bfc062723c751e8b465ee728b)  -> (artifact id: '794f2d39237280f8f9901028cdff67d2') in 0.002169 seconds
  Import took 0.007447 seconds .

========================================================================
Received Import Request.
  Time since last request: 0.000603 seconds.
  path: Assets/Scripts/DamageDealer.cs
  artifactKey: Guid(360d104207d644d42b7946776b883cae) Importer(815301076,1909f56bfc062723c751e8b465ee728b)
Start importing Assets/Scripts/DamageDealer.cs using Guid(360d104207d644d42b7946776b883cae) Importer(815301076,1909f56bfc062723c751e8b465ee728b)  -> (artifact id: '794f2d39237280f8f9901028cdff67d2') in 0.002267 seconds
  Import took 0.007584 seconds .

========================================================================
Received Import Request.
  Time since last request: 17.567842 seconds.
  path: Assets/Scripts/Spinner.cs
  artifactKey: Guid(00afc9ab73d6144bab1b926e4fb97099) Importer(815301076,1909f56bfc062723c751e8b465ee728b)
Start importing Assets/Scripts/Spinner.cs using Guid(00afc9ab73d6144bab1b926e4fb97099) Importer(815301076,1909f56bfc062723c751e8b465ee728b)  -> (artifact id: '29b2560c6813f89371c812ea8745f2e9') in 0.001811 seconds
  Import took 0.005383 seconds .

========================================================================
Received Import Request.
  Time since last request: 3.396848 seconds.
  path: Assets/Scripts/Level.cs
  artifactKey: Guid(4a0b27386e3f942d5979058998445e26) Importer(815301076,1909f56bfc062723c751e8b465ee728b)
Start importing Assets/Scripts/Level.cs using Guid(4a0b27386e3f942d5979058998445e26) Importer(815301076,1909f56bfc062723c751e8b465ee728b)  -> (artifact id: '1d95089572405d01d962753c204c7bf6') in 0.001547 seconds
  Import took 0.005561 seconds .

========================================================================
Received Import Request.
  Time since last request: 0.000764 seconds.
  path: Assets/Scripts/Level.cs
  artifactKey: Guid(4a0b27386e3f942d5979058998445e26) Importer(815301076,1909f56bfc062723c751e8b465ee728b)
Start importing Assets/Scripts/Level.cs using Guid(4a0b27386e3f942d5979058998445e26) Importer(815301076,1909f56bfc062723c751e8b465ee728b)  -> (artifact id: '1d95089572405d01d962753c204c7bf6') in 0.001770 seconds
  Import took 0.004957 seconds .

========================================================================
Received Prepare
Refreshing native plugins compatible for Editor in 22.90 ms, found 2 plugins.
Preloading 0 native plugins for Editor in 0.00 ms.
Unloading 6 Unused Serialized files (Serialized files now loaded: 0)
System memory in use before: 129.1 MB.
System memory in use after: 129.2 MB.

Unloading 5 unused Assets to reduce memory usage. Loaded Objects now: 2282.
Total: 33.951587 ms (FindLiveObjects: 0.853938 ms CreateObjectMapping: 0.096187 ms MarkObjects: 32.954240 ms  DeleteObjects: 0.045302 ms)

